<!DOCTYPE html PUBLIC "-//W3C//DTD XHTML 1.1//EN" "http://www.w3.org/TR/xhtml11/DTD/xhtml11.dtd">
<html xmlns="http://www.w3.org/1999/xhtml"><head><title>TestNG Report</title><style type="text/css">table {margin-bottom:10px;border-collapse:collapse;empty-cells:show}th,td {border:1px solid #009;padding:.25em .5em}th {vertical-align:bottom}td {vertical-align:top}table a {font-weight:bold}.stripe td {background-color: #E6EBF9}.num {text-align:right}.passedodd td {background-color: #3F3}.passedeven td {background-color: #0A0}.skippedodd td {background-color: #DDD}.skippedeven td {background-color: #CCC}.failedodd td,.attn {background-color: #F33}.failedeven td,.stripe .attn {background-color: #D00}.stacktrace {white-space:pre;font-family:monospace}.totop {font-size:85%;text-align:center;border-bottom:2px solid #000}</style></head><body><table><tr><th>Test</th><th># Passed</th><th># Skipped</th><th># Failed</th><th>Time (ms)</th><th>Included Groups</th><th>Excluded Groups</th></tr><tr><th colspan="7">MIP_KH</th></tr><tr><td><a href="#t0">DashboardTestExecution</a></td><td class="num">2</td><td class="num">0</td><td class="num attn">1</td><td class="num">313,501</td><td></td><td></td></tr></table><table><thead><tr><th>Class</th><th>Method</th><th>Start</th><th>Time (ms)</th></tr></thead><tbody><tr><th colspan="4">MIP_KH</th></tr></tbody><tbody id="t0"><tr><th colspan="4">DashboardTestExecution &#8212; failed</th></tr><tr class="failedeven"><td rowspan="1">com.thbs.qa.testcases.ConfirmCustomerPageTest</td><td><a href="#m0">confirmCustomer_TC_002</a></td><td rowspan="1">1578054952956</td><td rowspan="1">200372</td></tr><tr><th colspan="4">DashboardTestExecution &#8212; passed</th></tr><tr class="passedeven"><td rowspan="2">com.thbs.qa.testcases.ConfirmCustomerPageTest</td><td><a href="#m1">confirmCustomer_TC_001</a></td><td rowspan="1">1578054913273</td><td rowspan="1">3536</td></tr><tr class="passedeven"><td><a href="#m2">confirmCustomer_TC_003</a></td><td rowspan="1">1578055186217</td><td rowspan="1">2069</td></tr></tbody></table><h2>DashboardTestExecution</h2><h3 id="m0">com.thbs.qa.testcases.ConfirmCustomerPageTest#confirmCustomer_TC_002</h3><table class="result"><tr><th>Messages</th></tr><tr><td><div class="messages">Starting Smart Life level 2 Confirmation<br/>Entering the msisdn<br/>Selecting the product to confirm</div></td></tr><tr><th>Exception</th></tr><tr><td><div class="stacktrace">org.openqa.selenium.TimeoutException: Expected condition failed: waiting for visibility of Proxy element for: DefaultElementLocator &apos;By.xpath: //input[@id=&apos;offerCoverId&apos; and @value=&apos;3&apos;]&apos; (tried for 30 second(s) with 500 milliseconds interval)
	at org.openqa.selenium.support.ui.WebDriverWait.timeoutException(WebDriverWait.java:95)
	at org.openqa.selenium.support.ui.FluentWait.until(FluentWait.java:272)
	at com.thbs.qa.pageobjects.ConfirmCustomerPageObject.enterOfferCoverId(ConfirmCustomerPageObject.java:69)
	at com.thbs.qa.testcases.ConfirmCustomerPageTest.confirmCustomer_TC_002(ConfirmCustomerPageTest.java:57)
Caused by: org.openqa.selenium.NoSuchElementException: no such element: Unable to locate element: {&quot;method&quot;:&quot;xpath&quot;,&quot;selector&quot;:&quot;//input[@id=&apos;offerCoverId&apos; and @value=&apos;3&apos;]&quot;}
  (Session info: chrome=79.0.3945.88)
For documentation on this error, please visit: https://www.seleniumhq.org/exceptions/no_such_element.html
Build info: version: &apos;3.141.59&apos;, revision: &apos;e82be7d358&apos;, time: &apos;2018-11-14T08:17:03&apos;
System info: host: &apos;THBSLAPTOP-452&apos;, ip: &apos;10.137.224.134&apos;, os.name: &apos;Windows 8.1&apos;, os.arch: &apos;amd64&apos;, os.version: &apos;6.3&apos;, java.version: &apos;1.8.0_66&apos;
Driver info: org.openqa.selenium.chrome.ChromeDriver
Capabilities {acceptInsecureCerts: false, browserName: chrome, browserVersion: 79.0.3945.88, chrome: {chromedriverVersion: 78.0.3904.70 (edb9c9f3de024..., userDataDir: C:\Users\KARTHI~1\AppData\L...}, goog:chromeOptions: {debuggerAddress: localhost:56599}, javascriptEnabled: true, networkConnectionEnabled: false, pageLoadStrategy: normal, platform: XP, platformName: XP, proxy: Proxy(), setWindowRect: true, strictFileInteractability: false, timeouts: {implicit: 0, pageLoad: 300000, script: 30000}, unhandledPromptBehavior: dismiss and notify}
Session ID: 8d412e71b4684c9a6702f5240918c90f
*** Element info: {Using=xpath, value=//input[@id=&apos;offerCoverId&apos; and @value=&apos;3&apos;]}
	at org.openqa.selenium.remote.http.W3CHttpResponseCodec.createException(W3CHttpResponseCodec.java:187)
	at org.openqa.selenium.remote.http.W3CHttpResponseCodec.decode(W3CHttpResponseCodec.java:122)
	at org.openqa.selenium.remote.http.W3CHttpResponseCodec.decode(W3CHttpResponseCodec.java:49)
	at org.openqa.selenium.remote.HttpCommandExecutor.execute(HttpCommandExecutor.java:158)
	at org.openqa.selenium.remote.service.DriverCommandExecutor.execute(DriverCommandExecutor.java:83)
	at org.openqa.selenium.remote.RemoteWebDriver.execute(RemoteWebDriver.java:552)
	at org.openqa.selenium.remote.RemoteWebDriver.findElement(RemoteWebDriver.java:323)
	at org.openqa.selenium.remote.RemoteWebDriver.findElementByXPath(RemoteWebDriver.java:428)
	at org.openqa.selenium.By$ByXPath.findElement(By.java:353)
	at org.openqa.selenium.remote.RemoteWebDriver.findElement(RemoteWebDriver.java:315)
	at org.openqa.selenium.support.pagefactory.DefaultElementLocator.findElement(DefaultElementLocator.java:69)
	at org.openqa.selenium.support.pagefactory.internal.LocatingElementHandler.invoke(LocatingElementHandler.java:38)
	at com.sun.proxy.$Proxy9.isDisplayed(Unknown Source)
	at org.openqa.selenium.support.ui.ExpectedConditions.elementIfVisible(ExpectedConditions.java:314)
	at org.openqa.selenium.support.ui.ExpectedConditions.access$000(ExpectedConditions.java:43)
	at org.openqa.selenium.support.ui.ExpectedConditions$10.apply(ExpectedConditions.java:300)
	at org.openqa.selenium.support.ui.ExpectedConditions$10.apply(ExpectedConditions.java:297)
	at org.openqa.selenium.support.ui.FluentWait.until(FluentWait.java:249)
	... 26 more
... Removed 28 stack frames</div></td></tr></table><p class="totop"><a href="#summary">back to summary</a></p><h3 id="m1">com.thbs.qa.testcases.ConfirmCustomerPageTest#confirmCustomer_TC_001</h3><table class="result"><tr><th>Messages</th></tr><tr><td><div class="messages">Starting Smart Life level 1 Confirmation<br/>Entering the msisdn<br/>Selecting the product to confirm<br/>Clicking on confirmation</div></td></tr></table><p class="totop"><a href="#summary">back to summary</a></p><h3 id="m2">com.thbs.qa.testcases.ConfirmCustomerPageTest#confirmCustomer_TC_003</h3><table class="result"><tr><th>Messages</th></tr><tr><td><div class="messages">Starting Smart hospital level 1 Confirmation<br/>Entering the msisdn<br/>Selecting the product to confirm<br/>Clicking on confirmation</div></td></tr></table><p class="totop"><a href="#summary">back to summary</a></p></body></html>